#                                                                                 --- full sequence --- -------------- this domain -------------   hmm coord   ali coord   env coord
# target name        accession   tlen query name                accession   qlen   E-value  score  bias   #  of  c-Evalue  i-Evalue  score  bias  from    to  from    to  from    to  acc description of target
#------------------- ---------- -----      -------------------- ---------- ----- --------- ------ ----- --- --- --------- --------- ------ ----- ----- ----- ----- ----- ----- ----- ---- ---------------------
V-set                PF07686.20   109 AF-A0A0A0MS00-F1-model_v4 -            114   7.3e-13   48.8   0.0   1   1   1.7e-16   8.3e-13   48.6   0.0     5    93    27   108    23   114 0.90 Immunoglobulin V-set domain
Ig_3                 PF13927.9     79 AF-A0A0A0MS00-F1-model_v4 -            114   0.00058   20.5   0.1   1   1   1.8e-07    0.0009   19.9   0.1     9    74    23   104    17   106 0.72 Immunoglobulin domain
I-set                PF07679.19    90 AF-A0A0A0MS00-F1-model_v4 -            114    0.0038   17.4   0.1   1   1   1.9e-06    0.0093   16.1   0.1     9    72    27   104    21   113 0.74 Immunoglobulin I-set domain
Ig_7                 PF19081.3     84 AF-A0A0A0MS00-F1-model_v4 -            114      0.13   12.7   0.5   1   1   0.00031       1.5    9.3   0.5     4    65    22   108    20   113 0.68 Ig-like domain CHU_C associated
V-set                PF07686.20   109 AF-A0A0A6YYG2-F1-model_v4 -            114   5.3e-10   39.6   0.0   1   1   3.2e-14   6.3e-10   39.3   0.0     3    91    27   111    25   114 0.79 Immunoglobulin V-set domain
V-set                PF07686.20   109 AF-A0A0A0MS06-F1-model_v4 -            115   1.6e-13   50.9   0.3   1   1   4.7e-17   1.8e-13   50.7   0.3     1    91    25   112    25   115 0.92 Immunoglobulin V-set domain
Ig_6                 PF18452.4    128 AF-A0A0A0MS06-F1-model_v4 -            115     0.035   14.1   1.3   1   1   1.8e-05      0.07   13.1   1.3    31    73    36    78    21   114 0.85 Immunoglobulin domain
Pico_P2A             PF00947.22   127 AF-A0A0A0MS06-F1-model_v4 -            115      0.11   12.7   0.1   1   1   3.4e-05      0.13   12.4   0.1    28    93    32   107    20   114 0.75 Picornavirus core protein 2A
Auxin_inducible      PF02519.17    90 AF-A0A0A0MS06-F1-model_v4 -            115      0.11   12.8   0.0   1   1   3.6e-05      0.14   12.5   0.0    20    81    37    97    11   101 0.73 Auxin responsive protein
Flg_new_2            PF18998.3     74 AF-A0A0A0MS06-F1-model_v4 -            115      0.11   12.7   0.0   1   1   3.8e-05      0.15   12.3   0.0    12    47    22    58    14    73 0.81 Divergent InlB B-repeat domain
V-set                PF07686.20   109 AF-A0A0A0MRZ8-F1-model_v4 -            115   3.5e-16   59.5   0.0   1   1   1.1e-19   4.3e-16   59.2   0.0     1    91    26   109    26   114 0.91 Immunoglobulin V-set domain
Ig_3                 PF13927.9     79 AF-A0A0A0MRZ8-F1-model_v4 -            115   1.5e-07   32.0   0.0   1   1   5.9e-11   2.3e-07   31.4   0.0     4    76    24   109    21   112 0.73 Immunoglobulin domain
ig                   PF00047.28    87 AF-A0A0A0MRZ8-F1-model_v4 -            115   1.5e-05   25.2   0.0   1   1   9.2e-09   3.6e-05   24.0   0.0     2    73    27   109    26   115 0.78 Immunoglobulin domain
Ig_2                 PF13895.9     79 AF-A0A0A0MRZ8-F1-model_v4 -            115   3.5e-05   24.2   0.0   1   1   1.1e-08   4.3e-05   23.9   0.0     3    64    23   111    21   115 0.82 Immunoglobulin domain
I-set                PF07679.19    90 AF-A0A0A0MRZ8-F1-model_v4 -            115   0.00029   21.0   0.0   1   1   1.3e-07   0.00053   20.1   0.0     3    74    24   109    22   113 0.88 Immunoglobulin I-set domain
V-set                PF07686.20   109 AF-A0A0A6YYK4-F1-model_v4 -            115   1.2e-07   32.0   0.0   1   1   1.4e-11   1.4e-07   31.8   0.0    26    91    46   112    27   115 0.87 Immunoglobulin V-set domain
I-set                PF07679.19    90 AF-A0A0A6YYK4-F1-model_v4 -            115      0.22   11.7   0.0   1   1   5.2e-05      0.51   10.6   0.0     4    74    24   112    21   115 0.80 Immunoglobulin I-set domain
V-set                PF07686.20   109 AF-A0A0A6YYG3-F1-model_v4 -            113   6.5e-10   39.3   0.0   1   1   7.6e-14   7.5e-10   39.1   0.0     7    91    31   110    25   113 0.81 Immunoglobulin V-set domain
DUF6487              PF20097.2     50 AF-A0A0A6YYG3-F1-model_v4 -            113      0.11   13.0   0.0   1   1   1.6e-05      0.16   12.5   0.0     4    33    42   104    40   111 0.68 Domain of unknown function (DUF6487)
V-set                PF07686.20   109 AF-A0A0A0MRZ9-F1-model_v4 -            124   6.6e-19   68.2   0.1   1   1   1.5e-22   7.6e-19   68.0   0.1     2    96    25   121    24   124 0.91 Immunoglobulin V-set domain
Ig_3                 PF13927.9     79 AF-A0A0A0MRZ9-F1-model_v4 -            124   5.4e-07   30.2   0.1   1   1   3.3e-10   1.6e-06   28.7   0.1     2    75    21   115    20   118 0.74 Immunoglobulin domain
I-set                PF07679.19    90 AF-A0A0A0MRZ9-F1-model_v4 -            124    0.0071   16.5   0.0   1   1   3.7e-06     0.018   15.2   0.0     4    73    23   115    20   123 0.86 Immunoglobulin I-set domain
ig                   PF00047.28    87 AF-A0A0A0MRZ9-F1-model_v4 -            124     0.011   16.0   0.1   1   1   5.5e-06     0.027   14.8   0.1     3    80    26   123    24   124 0.82 Immunoglobulin domain
V-set                PF07686.20   109 AF-A0A0A0MS02-F1-model_v4 -            117     2e-12   47.4   0.2   1   1   6.4e-16   2.5e-12   47.1   0.2     4    92    27   114    25   117 0.91 Immunoglobulin V-set domain
ig                   PF00047.28    87 AF-A0A0A0MS02-F1-model_v4 -            117   3.4e-05   24.1   0.1   1   1   1.4e-08   5.5e-05   23.4   0.1     3    76    26   116    25   117 0.89 Immunoglobulin domain
Ig_3                 PF13927.9     79 AF-A0A0A0MS02-F1-model_v4 -            117     4e-05   24.2   0.1   1   1   1.8e-08   7.2e-05   23.4   0.1    10    75    28   112    22   115 0.80 Immunoglobulin domain
I-set                PF07679.19    90 AF-A0A0A0MS02-F1-model_v4 -            117   9.2e-05   22.6   0.0   1   1     5e-08    0.0002   21.5   0.0     5    74    24   113    20   115 0.90 Immunoglobulin I-set domain
Ig_2                 PF13895.9     79 AF-A0A0A0MS02-F1-model_v4 -            117     0.069   13.6   0.1   1   1   2.9e-05      0.11   12.9   0.1    13    63    33   114    17   117 0.76 Immunoglobulin domain
V-set                PF07686.20   109 AF-A0A0A0MT36-F1-model_v4 -            114   2.4e-14   53.5   0.1   1   1   1.1e-17   3.1e-14   53.2   0.1     2    91    26   108    25   113 0.89 Immunoglobulin V-set domain
Ig_3                 PF13927.9     79 AF-A0A0A0MT36-F1-model_v4 -            114   9.9e-08   32.6   0.2   1   1   4.9e-11   1.4e-07   32.1   0.2     4    76    23   108    20   111 0.76 Immunoglobulin domain
Ig_2                 PF13895.9     79 AF-A0A0A0MT36-F1-model_v4 -            114   2.7e-07   30.9   0.2   1   1   1.3e-10   3.6e-07   30.5   0.2     3    62    22   108    20   112 0.82 Immunoglobulin domain
ig                   PF00047.28    87 AF-A0A0A0MT36-F1-model_v4 -            114   3.7e-05   23.9   0.1   1   1   2.4e-08   6.8e-05   23.1   0.1     3    73    27   108    25   113 0.83 Immunoglobulin domain
I-set                PF07679.19    90 AF-A0A0A0MT36-F1-model_v4 -            114   0.00032   20.8   0.0   1   1   1.6e-07   0.00044   20.4   0.0     3    74    23   108    21   113 0.88 Immunoglobulin I-set domain
RT_RNaseH_2          PF17919.4    100 AF-A0A0A0MT36-F1-model_v4 -            114     0.089   13.0   0.0   1   1   4.6e-05      0.13   12.5   0.0    16    68    23    77    20    83 0.82 RNase H-like domain found in reverse transcriptase
Ig_6                 PF18452.4    128 AF-A0A0A0MT36-F1-model_v4 -            114      0.16   11.9   0.5   1   1   0.00032      0.89    9.5   0.5    28    68    33    74    22   113 0.69 Immunoglobulin domain
V-set                PF07686.20   109 AF-A0A0A0MS14-F1-model_v4 -            117   6.9e-10   39.2   0.3   1   1   8.4e-14   8.3e-10   39.0   0.3     9    91    32   116    25   117 0.88 Immunoglobulin V-set domain
Ig_3                 PF13927.9     79 AF-A0A0A0MS14-F1-model_v4 -            117    0.0072   17.0   0.3   1   1   2.7e-06     0.026   15.2   0.3    13    75    31   115    22   116 0.72 Immunoglobulin domain
V-set                PF07686.20   109 AF-A0A0A6YYC5-F1-model_v4 -            116   1.2e-15   57.7   0.1   1   1   3.6e-19   1.4e-15   57.5   0.1     1    92    26   114    26   116 0.88 Immunoglobulin V-set domain
Ig_3                 PF13927.9     79 AF-A0A0A6YYC5-F1-model_v4 -            116   1.7e-06   28.6   0.0   1   1   7.4e-10   2.9e-06   27.9   0.0     3    76    23   113    22   115 0.80 Immunoglobulin domain
Ig_2                 PF13895.9     79 AF-A0A0A6YYC5-F1-model_v4 -            116   0.00042   20.7   0.0   1   1   1.5e-07   0.00059   20.2   0.0    10    64    32   115    20   116 0.84 Immunoglobulin domain
I-set                PF07679.19    90 AF-A0A0A6YYC5-F1-model_v4 -            116    0.0028   17.8   0.0   1   1   1.6e-06    0.0064   16.7   0.0     2    74    23   113    22   116 0.85 Immunoglobulin I-set domain
ig                   PF00047.28    87 AF-A0A0A6YYC5-F1-model_v4 -            116     0.006   16.9   0.0   1   1   4.6e-06     0.018   15.3   0.0     2    64    27    93    26   116 0.71 Immunoglobulin domain
V-set                PF07686.20   109 AF-A0A0A0MS01-F1-model_v4 -            119   2.4e-12   47.1   0.2   1   1   6.8e-16   2.7e-12   47.0   0.2     5    91    27   116    23   119 0.90 Immunoglobulin V-set domain
Ig_3                 PF13927.9     79 AF-A0A0A0MS01-F1-model_v4 -            119   8.5e-07   29.6   0.4   1   1   3.8e-10   1.5e-06   28.8   0.4    13    77    30   117    20   119 0.77 Immunoglobulin domain
I-set                PF07679.19    90 AF-A0A0A0MS01-F1-model_v4 -            119   9.3e-05   22.6   0.2   1   1   3.3e-08   0.00013   22.1   0.2     4    75    22   117    19   119 0.87 Immunoglobulin I-set domain
Ig_2                 PF13895.9     79 AF-A0A0A0MS01-F1-model_v4 -            119    0.0025   18.2   0.1   1   1   8.3e-07    0.0033   17.8   0.1    12    64    31   118    19   119 0.83 Immunoglobulin domain
ig                   PF00047.28    87 AF-A0A0A0MS01-F1-model_v4 -            119     0.013   15.8   0.2   1   1   6.8e-06     0.027   14.8   0.2     8    75    30   118    26   119 0.87 Immunoglobulin domain
V-set                PF07686.20   109 AF-A0A0A6YYK6-F1-model_v4 -            109   6.1e-08   32.9   0.0   1   1     2e-11   7.7e-08   32.6   0.0     1    91    25   107    24   109 0.79 Immunoglobulin V-set domain
Ig_3                 PF13927.9     79 AF-A0A0A6YYK6-F1-model_v4 -            109   3.4e-05   24.4   0.0   1   1   1.2e-08   4.7e-05   24.0   0.0     5    76    24   107    22   109 0.76 Immunoglobulin domain
Ig_2                 PF13895.9     79 AF-A0A0A6YYK6-F1-model_v4 -            109     0.054   13.9   0.0   1   1   1.9e-05     0.074   13.5   0.0     4    62    24   107    20   109 0.66 Immunoglobulin domain
I-set                PF07679.19    90 AF-A0A0A6YYK6-F1-model_v4 -            109     0.063   13.5   0.0   1   1   2.3e-05      0.09   13.0   0.0     3    74    23   107    21   109 0.80 Immunoglobulin I-set domain
ig                   PF00047.28    87 AF-A0A0A6YYK6-F1-model_v4 -            109      0.16   12.3   0.0   1   1   6.1e-05      0.24   11.7   0.0     2    74    26   108    25   109 0.72 Immunoglobulin domain
V-set                PF07686.20   109 AF-A0A0A6YYD4-F1-model_v4 -            124   1.6e-14   54.1   0.0   1   1   2.1e-18   2.1e-14   53.8   0.0     1    91    35   121    35   123 0.91 Immunoglobulin V-set domain
Ig_3                 PF13927.9     79 AF-A0A0A6YYD4-F1-model_v4 -            124    0.0013   19.3   0.0   1   1   2.6e-07    0.0025   18.4   0.0     8    76    37   121    33   123 0.78 Immunoglobulin domain
V-set                PF07686.20   109 AF-A0A0A0MS04-F1-model_v4 -            114     7e-08   32.8   0.0   1   1   4.1e-12   8.1e-08   32.5   0.0     6    91    30   111    25   114 0.82 Immunoglobulin V-set domain
Activin_recp         PF01064.26    82 AF-A0A0B4J1T7-F1-model_v4 -            125     2e-06   28.7  10.1   1   1   1.4e-08   0.00013   22.9  10.1    42    80    59    96    28    98 0.83 Activin types I and II receptor domain
UPAR_LY6_2           PF16975.8    106 AF-A0A0B4J1T7-F1-model_v4 -            125     0.011   16.0   0.8   1   1   1.8e-06     0.018   15.4   0.6    54    96    60   102    31   111 0.85 Ly6/PLAUR domain-containing protein 6, Lypd6
V-set                PF07686.20   109 AF-A0A0A6YYK1-F1-model_v4 -            113   3.8e-07   30.4   0.0   1   1   4.5e-11   4.4e-07   30.2   0.0     4    92    28   112    25   113 0.78 Immunoglobulin V-set domain
Ig_3                 PF13927.9     79 AF-A0A0A6YYK1-F1-model_v4 -            113      0.13   12.9   0.0   1   1   2.1e-05      0.21   12.3   0.0     5    77    24   112    22   113 0.77 Immunoglobulin domain
Ank_2                PF12796.10    83 AF-A0A0A6YYL3-F1-model_v4 -            544   1.3e-37  128.3  16.5   1   4   2.4e-17   6.8e-14   52.3   0.3     1    83   106   199   106   199 0.78 Ankyrin repeats (3 copies)
Ank_2                PF12796.10    83 AF-A0A0A6YYL3-F1-model_v4 -            544   1.3e-37  128.3  16.5   2   4   8.9e-07    0.0025   18.5   0.2    49    83   198   232   195   232 0.89 Ankyrin repeats (3 copies)
Ank_2                PF12796.10    83 AF-A0A0A6YYL3-F1-model_v4 -            544   1.3e-37  128.3  16.5   3   4   3.1e-17   8.6e-14   52.0   0.8     1    83   206   298   206   298 0.90 Ankyrin repeats (3 copies)
Ank_2                PF12796.10    83 AF-A0A0A6YYL3-F1-model_v4 -            544   1.3e-37  128.3  16.5   4   4   3.4e-13   9.4e-10   39.1   0.4    10    75   248   323   240   332 0.82 Ankyrin repeats (3 copies)
Ank_5                PF13857.9     56 AF-A0A0A6YYL3-F1-model_v4 -            544   1.8e-33  114.3   8.4   1   4   2.5e-11   6.9e-08   32.7   0.1     9    56   129   176   124   176 0.91 Ankyrin repeats (many copies)
Ank_5                PF13857.9     56 AF-A0A0A6YYL3-F1-model_v4 -            544   1.8e-33  114.3   8.4   2   4     5e-13   1.4e-09   38.1   0.1     7    56   160   209   157   209 0.95 Ankyrin repeats (many copies)
Ank_5                PF13857.9     56 AF-A0A0A6YYL3-F1-model_v4 -            544   1.8e-33  114.3   8.4   3   4   2.2e-12   6.1e-09   36.1   0.1     1    53   188   239   188   241 0.97 Ankyrin repeats (many copies)
Ank_5                PF13857.9     56 AF-A0A0A6YYL3-F1-model_v4 -            544   1.8e-33  114.3   8.4   4   4     1e-11   2.8e-08   34.0   0.1     1    56   254   308   254   308 0.96 Ankyrin repeats (many copies)
Ank_4                PF13637.9     55 AF-A0A0A6YYL3-F1-model_v4 -            544   2.5e-31  107.7   4.1   1   6   3.7e-09     1e-05   26.1   0.0     5    55   106   156   103   156 0.86 Ankyrin repeats (many copies)
Ank_4                PF13637.9     55 AF-A0A0A6YYL3-F1-model_v4 -            544   2.5e-31  107.7   4.1   2   6     4e-05      0.11   13.2   0.0    15    44   150   178   149   180 0.93 Ankyrin repeats (many copies)
Ank_4                PF13637.9     55 AF-A0A0A6YYL3-F1-model_v4 -            544   2.5e-31  107.7   4.1   3   6   5.9e-13   1.6e-09   38.2   0.1     2    55   170   222   169   222 0.92 Ankyrin repeats (many copies)
Ank_4                PF13637.9     55 AF-A0A0A6YYL3-F1-model_v4 -            544   2.5e-31  107.7   4.1   4   6   0.00012      0.32   11.7   0.0    16    43   217   243   214   247 0.87 Ankyrin repeats (many copies)
Ank_4                PF13637.9     55 AF-A0A0A6YYL3-F1-model_v4 -            544   2.5e-31  107.7   4.1   5   6   1.3e-09   3.7e-06   27.5   0.1     3    55   237   288   236   288 0.92 Ankyrin repeats (many copies)
Ank_4                PF13637.9     55 AF-A0A0A6YYL3-F1-model_v4 -            544   2.5e-31  107.7   4.1   6   6    0.0022       6.1    7.7   0.0    16    44   283   310   279   320 0.82 Ankyrin repeats (many copies)
Ank                  PF00023.33    33 AF-A0A0A6YYL3-F1-model_v4 -            544   3.9e-29  100.0   5.5   1   7     0.097   2.7e+02    2.4   0.0     6    32   106   133   106   134 0.78 Ankyrin repeat
Ank                  PF00023.33    33 AF-A0A0A6YYL3-F1-model_v4 -            544   3.9e-29  100.0   5.5   2   7   1.2e-08   3.3e-05   24.3   0.2     3    33   137   167   136   167 0.92 Ankyrin repeat
Ank                  PF00023.33    33 AF-A0A0A6YYL3-F1-model_v4 -            544   3.9e-29  100.0   5.5   3   7    0.0089        25    5.6   0.0     4    32   171   199   169   200 0.80 Ankyrin repeat
Ank                  PF00023.33    33 AF-A0A0A6YYL3-F1-model_v4 -            544   3.9e-29  100.0   5.5   4   7   1.3e-09   3.7e-06   27.3   0.1     1    32   201   232   201   233 0.88 Ankyrin repeat
Ank                  PF00023.33    33 AF-A0A0A6YYL3-F1-model_v4 -            544   3.9e-29  100.0   5.5   5   7   4.3e-06     0.012   16.1   0.0     2    32   235   265   234   266 0.92 Ankyrin repeat
Ank                  PF00023.33    33 AF-A0A0A6YYL3-F1-model_v4 -            544   3.9e-29  100.0   5.5   6   7   5.8e-07    0.0016   18.9   0.0     1    32   267   298   267   299 0.91 Ankyrin repeat
Ank                  PF00023.33    33 AF-A0A0A6YYL3-F1-model_v4 -            544   3.9e-29  100.0   5.5   7   7      0.35   9.8e+02    0.6   0.0     2    22   301   320   300   324 0.78 Ankyrin repeat
Ank_3                PF13606.9     31 AF-A0A0A6YYL3-F1-model_v4 -            544   2.8e-22   76.5   1.6   1   6   1.2e-06    0.0035   17.8   0.0     3    30   137   163   135   164 0.90 Ankyrin repeat
Ank_3                PF13606.9     31 AF-A0A0A6YYL3-F1-model_v4 -            544   2.8e-22   76.5   1.6   2   6   0.00078       2.2    9.3   0.0     3    31   170   197   168   197 0.92 Ankyrin repeat
Ank_3                PF13606.9     31 AF-A0A0A6YYL3-F1-model_v4 -            544   2.8e-22   76.5   1.6   3   6   3.7e-07     0.001   19.4   0.1     1    29   201   228   201   230 0.96 Ankyrin repeat
Ank_3                PF13606.9     31 AF-A0A0A6YYL3-F1-model_v4 -            544   2.8e-22   76.5   1.6   4   6    0.0011         3    8.8   0.0     1    31   234   263   234   263 0.94 Ankyrin repeat
Ank_3                PF13606.9     31 AF-A0A0A6YYL3-F1-model_v4 -            544   2.8e-22   76.5   1.6   5   6   1.3e-05     0.037   14.7   0.0     1    30   267   295   267   296 0.95 Ankyrin repeat
Ank_3                PF13606.9     31 AF-A0A0A6YYL3-F1-model_v4 -            544   2.8e-22   76.5   1.6   6   6       2.7   7.7e+03   -1.6   0.0     7    22   306   321   301   325 0.66 Ankyrin repeat
CCDC144C             PF14915.9    304 AF-A0A0A6YYL3-F1-model_v4 -            544   1.7e-10   40.6  10.1   1   3      0.73   2.1e+03   -2.3   2.6    13    48   348   383   315   387 0.65 CCDC144C protein coiled-coil region
CCDC144C             PF14915.9    304 AF-A0A0A6YYL3-F1-model_v4 -            544   1.7e-10   40.6  10.1   2   3     0.029        82    2.3   4.1   234   278   440   488   432   490 0.72 CCDC144C protein coiled-coil region
CCDC144C             PF14915.9    304 AF-A0A0A6YYL3-F1-model_v4 -            544   1.7e-10   40.6  10.1   3   3   6.1e-14   1.7e-10   40.6  10.1     1    57   489   542   489   544 0.96 CCDC144C protein coiled-coil region
DUF267               PF03268.17   360 AF-A0A0A6YYL3-F1-model_v4 -            544       3.3    6.6   5.1   1   1    0.0018       5.2    6.0   5.1   185   237   488   541   485   543 0.89 Caenorhabditis protein of unknown function, DUF267
V-set                PF07686.20   109 AF-A0A0A0MRZ7-F1-model_v4 -            120   8.4e-15   55.0   0.0   1   1   1.9e-18   9.5e-15   54.9   0.0     1    91    26   114    26   120 0.83 Immunoglobulin V-set domain
Ig_3                 PF13927.9     79 AF-A0A0A0MRZ7-F1-model_v4 -            120   3.2e-05   24.5   0.0   1   1   1.7e-08   8.2e-05   23.2   0.0     5    76    25   114    21   115 0.70 Immunoglobulin domain
ig                   PF00047.28    87 AF-A0A0A0MRZ7-F1-model_v4 -            120   7.8e-05   22.9   0.0   1   1   2.4e-08   0.00012   22.3   0.0     5    73    30   114    26   118 0.93 Immunoglobulin domain
I-set                PF07679.19    90 AF-A0A0A0MRZ7-F1-model_v4 -            120    0.0066   16.6   0.0   1   1   9.7e-06     0.048   13.9   0.0     3    73    24   113    22   117 0.72 Immunoglobulin I-set domain
V-set                PF07686.20   109 AF-A0A0A0MS15-F1-model_v4 -            119   4.7e-13   49.4   0.0   1   1   1.2e-16   5.9e-13   49.1   0.0     8    91    31   118    26   119 0.94 Immunoglobulin V-set domain
Ig_3                 PF13927.9     79 AF-A0A0A0MS15-F1-model_v4 -            119    0.0045   17.6   0.1   1   1   3.1e-06     0.015   15.9   0.1    13    76    31   118    20   119 0.75 Immunoglobulin domain
I-set                PF07679.19    90 AF-A0A0A0MS15-F1-model_v4 -            119    0.0049   17.0   0.0   1   1   2.2e-06     0.011   16.0   0.0    12    74    31   118    25   118 0.94 Immunoglobulin I-set domain
ig                   PF00047.28    87 AF-A0A0A0MS15-F1-model_v4 -            119     0.064   13.6   0.2   1   1   0.00011      0.52   10.7   0.2     4    72    27   117    24   118 0.62 Immunoglobulin domain
V-set                PF07686.20   109 AF-A0A0A6YYJ7-F1-model_v4 -            113   1.3e-11   44.7   0.0   1   1   3.9e-15   1.5e-11   44.5   0.0     5    92    29   112    24   113 0.87 Immunoglobulin V-set domain
Ig_3                 PF13927.9     79 AF-A0A0A6YYJ7-F1-model_v4 -            113   0.00012   22.7   0.0   1   1   5.2e-08    0.0002   21.9   0.0     4    76    23   111    22   112 0.73 Immunoglobulin domain
Ig_2                 PF13895.9     79 AF-A0A0A6YYJ7-F1-model_v4 -            113    0.0071   16.7   0.0   1   1   2.4e-06    0.0095   16.3   0.0     9    63    30   112    20   113 0.81 Immunoglobulin domain
I-set                PF07679.19    90 AF-A0A0A6YYJ7-F1-model_v4 -            113      0.01   16.0   0.0   1   1   4.5e-06     0.018   15.2   0.0     3    75    23   112    21   113 0.86 Immunoglobulin I-set domain
ig                   PF00047.28    87 AF-A0A0A6YYJ7-F1-model_v4 -            113     0.016   15.5   0.0   1   1   1.8e-05     0.071   13.4   0.0     6    74    30   112    25   113 0.62 Immunoglobulin domain
V-set                PF07686.20   109 AF-A0A0A0MS03-F1-model_v4 -            114   1.4e-12   47.9   0.0   1   1   3.5e-16   1.7e-12   47.6   0.0     1    91    25   111    25   113 0.90 Immunoglobulin V-set domain
Ig_2                 PF13895.9     79 AF-A0A0A0MS03-F1-model_v4 -            114    0.0087   16.5   0.0   1   1   2.2e-06     0.011   16.1   0.0     7    61    26   110    21   114 0.67 Immunoglobulin domain
Ig_3                 PF13927.9     79 AF-A0A0A0MS03-F1-model_v4 -            114      0.04   14.6   0.1   1   1   1.2e-05     0.061   14.0   0.1     5    75    24   110    22   113 0.65 Immunoglobulin domain
Ig_6                 PF18452.4    128 AF-A0A0A0MS03-F1-model_v4 -            114     0.052   13.5   0.1   1   1     3e-05      0.15   12.0   0.1    21    61    30    66    21   113 0.81 Immunoglobulin domain
V-set                PF07686.20   109 AF-A0A0A6YYK7-F1-model_v4 -            116     1e-15   58.0   0.4   1   1   3.1e-19   1.2e-15   57.7   0.4     2    91    27   113    26   116 0.88 Immunoglobulin V-set domain
Ig_3                 PF13927.9     79 AF-A0A0A6YYK7-F1-model_v4 -            116   6.6e-06   26.7   0.3   1   1   3.1e-09   1.2e-05   25.9   0.3     4    76    24   113    23   115 0.79 Immunoglobulin domain
Ig_2                 PF13895.9     79 AF-A0A0A6YYK7-F1-model_v4 -            116    0.0011   19.4   0.2   1   1   3.5e-07    0.0014   19.0   0.2     7    63    28   114    17   116 0.76 Immunoglobulin domain
ig                   PF00047.28    87 AF-A0A0A6YYK7-F1-model_v4 -            116     0.007   16.6   0.2   1   1   1.9e-05     0.073   13.4   0.2     2    75    27   115    26   116 0.86 Immunoglobulin domain
DUF6754              PF20539.1    257 AF-A0A0A6YYK7-F1-model_v4 -            116     0.011   15.0   0.0   1   1   3.1e-06     0.012   14.8   0.0    76   149    10    83     5   101 0.89 Domain of unknown function (DUF6754)
V-set                PF07686.20   109 AF-A0A0A0MS05-F1-model_v4 -            114   2.8e-10   40.5   0.0   1   1   3.7e-14   3.6e-10   40.1   0.0     1    91    25   111    25   113 0.93 Immunoglobulin V-set domain
Ig_3                 PF13927.9     79 AF-A0A0A0MS05-F1-model_v4 -            114      0.12   13.1   0.0   1   1   2.8e-05      0.27   11.9   0.0     5    76    24   111    22   113 0.71 Immunoglobulin domain
#
# Program:         hmmscan
# Version:         3.3.2 (Nov 2020)
# Pipeline mode:   SCAN
# Query file:      multifasta.fa
# Target file:     ../db/Pfam-A.hmm
# Option settings: hmmscan --domtblout domtbl.out ../db/Pfam-A.hmm multifasta.fa 
# Current dir:     /home/roger/YangLabIntern/2023_self_regulatory_motifs/small
# Date:            Tue Jan 17 12:01:11 2023
# [ok]
